-- Found ament_cmake: 1.3.8 (/opt/ros/humble/share/ament_cmake/cmake)
-- Override CMake install command with custom implementation using symlinks instead of copying resources
-- Configuring done
-- Generating done
-- Build files have been written to: /home/fox/agv_simulation_ws/build/brinup_agv
-- Install configuration: ""
-- Execute custom install script
-- Up-to-date symlink: /home/fox/agv_simulation_ws/install/brinup_agv/share/brinup_agv//launch/agv.launch.xml
-- Up-to-date symlink: /home/fox/agv_simulation_ws/install/brinup_agv/share/ament_index/resource_index/package_run_dependencies/brinup_agv
-- Up-to-date symlink: /home/fox/agv_simulation_ws/install/brinup_agv/share/ament_index/resource_index/parent_prefix_path/brinup_agv
-- Up-to-date symlink: /home/fox/agv_simulation_ws/install/brinup_agv/share/brinup_agv/environment/ament_prefix_path.sh
-- Up-to-date symlink: /home/fox/agv_simulation_ws/install/brinup_agv/share/brinup_agv/environment/ament_prefix_path.dsv
-- Up-to-date symlink: /home/fox/agv_simulation_ws/install/brinup_agv/share/brinup_agv/environment/path.sh
-- Up-to-date symlink: /home/fox/agv_simulation_ws/install/brinup_agv/share/brinup_agv/environment/path.dsv
-- Up-to-date symlink: /home/fox/agv_simulation_ws/install/brinup_agv/share/brinup_agv/local_setup.bash
-- Up-to-date symlink: /home/fox/agv_simulation_ws/install/brinup_agv/share/brinup_agv/local_setup.sh
-- Up-to-date symlink: /home/fox/agv_simulation_ws/install/brinup_agv/share/brinup_agv/local_setup.zsh
-- Up-to-date symlink: /home/fox/agv_simulation_ws/install/brinup_agv/share/brinup_agv/local_setup.dsv
-- Symlinking: /home/fox/agv_simulation_ws/install/brinup_agv/share/brinup_agv/package.dsv
-- Up-to-date symlink: /home/fox/agv_simulation_ws/install/brinup_agv/share/ament_index/resource_index/packages/brinup_agv
-- Up-to-date symlink: /home/fox/agv_simulation_ws/install/brinup_agv/share/brinup_agv/cmake/brinup_agvConfig.cmake
-- Up-to-date symlink: /home/fox/agv_simulation_ws/install/brinup_agv/share/brinup_agv/cmake/brinup_agvConfig-version.cmake
-- Up-to-date symlink: /home/fox/agv_simulation_ws/install/brinup_agv/share/brinup_agv/package.xml
