[6.414s] DEBUG:colcon:Command line arguments: ['/usr/bin/colcon', 'build']
[6.414s] DEBUG:colcon:Parsed command line arguments: Namespace(log_base=None, log_level=None, verb_name='build', build_base='build', install_base='install', merge_install=False, symlink_install=False, test_result_base=None, continue_on_error=False, executor='parallel', parallel_workers=8, event_handlers=None, ignore_user_meta=False, metas=['./colcon.meta'], base_paths=['.'], packages_ignore=None, packages_ignore_regex=None, paths=None, packages_up_to=None, packages_up_to_regex=None, packages_above=None, packages_above_and_dependencies=None, packages_above_depth=None, packages_select_by_dep=None, packages_skip_by_dep=None, packages_skip_up_to=None, packages_select_build_failed=False, packages_skip_build_finished=False, packages_select_test_failures=False, packages_skip_test_passed=False, packages_select=None, packages_skip=None, packages_select_regex=None, packages_skip_regex=None, packages_start=None, packages_end=None, allow_overriding=[], cmake_args=None, cmake_target=None, cmake_target_skip_unavailable=False, cmake_clean_cache=False, cmake_clean_first=False, cmake_force_configure=False, ament_cmake_args=None, catkin_cmake_args=None, catkin_skip_building_tests=False, verb_parser=<colcon_defaults.argument_parser.defaults.DefaultArgumentsDecorator object at 0x76e34d73ddb0>, verb_extension=<colcon_core.verb.build.BuildVerb object at 0x76e34d83a830>, main=<bound method BuildVerb.main of <colcon_core.verb.build.BuildVerb object at 0x76e34d83a830>>)
[11.587s] Level 1:colcon.colcon_core.package_discovery:discover_packages(colcon_meta) check parameters
[11.587s] Level 1:colcon.colcon_core.package_discovery:discover_packages(recursive) check parameters
[11.588s] Level 1:colcon.colcon_core.package_discovery:discover_packages(ignore) check parameters
[11.588s] Level 1:colcon.colcon_core.package_discovery:discover_packages(path) check parameters
[11.588s] Level 1:colcon.colcon_core.package_discovery:discover_packages(colcon_meta) discover
[11.588s] Level 1:colcon.colcon_core.package_discovery:discover_packages(recursive) discover
[11.588s] INFO:colcon.colcon_core.package_discovery:Crawling recursively for packages in '/home/fox/agv_simulation_ws'
[11.588s] Level 1:colcon.colcon_core.package_identification:_identify(.) by extensions ['ignore', 'ignore_ament_install']
[11.589s] Level 1:colcon.colcon_core.package_identification:_identify(.) by extension 'ignore'
[11.589s] Level 1:colcon.colcon_core.package_identification:_identify(.) by extension 'ignore_ament_install'
[11.589s] Level 1:colcon.colcon_core.package_identification:_identify(.) by extensions ['colcon_pkg']
[11.589s] Level 1:colcon.colcon_core.package_identification:_identify(.) by extension 'colcon_pkg'
[11.589s] Level 1:colcon.colcon_core.package_identification:_identify(.) by extensions ['colcon_meta']
[11.589s] Level 1:colcon.colcon_core.package_identification:_identify(.) by extension 'colcon_meta'
[11.589s] Level 1:colcon.colcon_core.package_identification:_identify(.) by extensions ['ros']
[11.589s] Level 1:colcon.colcon_core.package_identification:_identify(.) by extension 'ros'
[11.664s] Level 1:colcon.colcon_core.package_identification:_identify(.) by extensions ['cmake', 'python']
[11.664s] Level 1:colcon.colcon_core.package_identification:_identify(.) by extension 'cmake'
[11.664s] Level 1:colcon.colcon_core.package_identification:_identify(.) by extension 'python'
[11.664s] Level 1:colcon.colcon_core.package_identification:_identify(.) by extensions ['python_setup_py']
[11.664s] Level 1:colcon.colcon_core.package_identification:_identify(.) by extension 'python_setup_py'
[11.664s] Level 1:colcon.colcon_core.package_identification:_identify(build) by extensions ['ignore', 'ignore_ament_install']
[11.664s] Level 1:colcon.colcon_core.package_identification:_identify(build) by extension 'ignore'
[11.664s] Level 1:colcon.colcon_core.package_identification:_identify(build) ignored
[11.664s] Level 1:colcon.colcon_core.package_identification:_identify(install) by extensions ['ignore', 'ignore_ament_install']
[11.664s] Level 1:colcon.colcon_core.package_identification:_identify(install) by extension 'ignore'
[11.664s] Level 1:colcon.colcon_core.package_identification:_identify(install) ignored
[11.664s] Level 1:colcon.colcon_core.package_identification:_identify(log) by extensions ['ignore', 'ignore_ament_install']
[11.664s] Level 1:colcon.colcon_core.package_identification:_identify(log) by extension 'ignore'
[11.664s] Level 1:colcon.colcon_core.package_identification:_identify(log) ignored
[11.665s] Level 1:colcon.colcon_core.package_identification:_identify(src) by extensions ['ignore', 'ignore_ament_install']
[11.665s] Level 1:colcon.colcon_core.package_identification:_identify(src) by extension 'ignore'
[11.665s] Level 1:colcon.colcon_core.package_identification:_identify(src) by extension 'ignore_ament_install'
[11.665s] Level 1:colcon.colcon_core.package_identification:_identify(src) by extensions ['colcon_pkg']
[11.665s] Level 1:colcon.colcon_core.package_identification:_identify(src) by extension 'colcon_pkg'
[11.665s] Level 1:colcon.colcon_core.package_identification:_identify(src) by extensions ['colcon_meta']
[11.665s] Level 1:colcon.colcon_core.package_identification:_identify(src) by extension 'colcon_meta'
[11.665s] Level 1:colcon.colcon_core.package_identification:_identify(src) by extensions ['ros']
[11.665s] Level 1:colcon.colcon_core.package_identification:_identify(src) by extension 'ros'
[11.665s] Level 1:colcon.colcon_core.package_identification:_identify(src) by extensions ['cmake', 'python']
[11.665s] Level 1:colcon.colcon_core.package_identification:_identify(src) by extension 'cmake'
[11.665s] Level 1:colcon.colcon_core.package_identification:_identify(src) by extension 'python'
[11.665s] Level 1:colcon.colcon_core.package_identification:_identify(src) by extensions ['python_setup_py']
[11.665s] Level 1:colcon.colcon_core.package_identification:_identify(src) by extension 'python_setup_py'
[11.665s] Level 1:colcon.colcon_core.package_discovery:discover_packages(recursive) using defaults
[11.665s] Level 1:colcon.colcon_core.package_discovery:discover_packages(ignore) discover
[11.665s] Level 1:colcon.colcon_core.package_discovery:discover_packages(ignore) using defaults
[11.665s] Level 1:colcon.colcon_core.package_discovery:discover_packages(path) discover
[11.665s] Level 1:colcon.colcon_core.package_discovery:discover_packages(path) using defaults
[12.080s] Level 1:colcon.colcon_core.package_discovery:discover_packages(prefix_path) check parameters
[12.081s] Level 1:colcon.colcon_core.package_discovery:discover_packages(prefix_path) discover
[12.172s] DEBUG:colcon.colcon_installed_package_information.package_discovery:Found 3 installed packages in /home/fox/robo_simulation_ws/install
[12.172s] DEBUG:colcon.colcon_installed_package_information.package_discovery:Found 4 installed packages in /home/fox/catch_the_turtle_ws/install
[12.173s] DEBUG:colcon.colcon_installed_package_information.package_discovery:Found 5 installed packages in /home/fox/ws/install
[12.174s] DEBUG:colcon.colcon_installed_package_information.package_discovery:Found 282 installed packages in /opt/ros/humble
[12.175s] Level 1:colcon.colcon_core.package_discovery:discover_packages(prefix_path) using defaults
[12.631s] INFO:colcon.colcon_core.executor:Executing jobs using 'parallel' executor
[12.632s] DEBUG:colcon.colcon_parallel_executor.executor.parallel:run_until_complete
[12.632s] DEBUG:colcon.colcon_parallel_executor.executor.parallel:closing loop
[12.632s] DEBUG:colcon.colcon_parallel_executor.executor.parallel:loop closed
[12.632s] DEBUG:colcon.colcon_parallel_executor.executor.parallel:run_until_complete finished with '0'
[12.632s] DEBUG:colcon.colcon_core.event_reactor:joining thread
[12.722s] INFO:colcon.colcon_core.plugin_system:Skipping extension 'colcon_notification.desktop_notification.terminal_notifier': Not used on non-Darwin systems
[12.722s] INFO:colcon.colcon_core.plugin_system:Skipping extension 'colcon_notification.desktop_notification.win32': Not used on non-Windows systems
[12.722s] INFO:colcon.colcon_notification.desktop_notification:Sending desktop notification using 'notify2'
[12.733s] DEBUG:colcon.colcon_core.event_reactor:joined thread
[12.797s] INFO:colcon.colcon_core.plugin_system:Skipping extension 'colcon_core.shell.bat': Not used on non-Windows systems
[12.797s] INFO:colcon.colcon_core.shell:Creating prefix script '/home/fox/agv_simulation_ws/install/local_setup.ps1'
[12.813s] INFO:colcon.colcon_core.shell:Creating prefix util module '/home/fox/agv_simulation_ws/install/_local_setup_util_ps1.py'
[12.855s] INFO:colcon.colcon_core.shell:Creating prefix chain script '/home/fox/agv_simulation_ws/install/setup.ps1'
[12.879s] INFO:colcon.colcon_core.shell:Creating prefix script '/home/fox/agv_simulation_ws/install/local_setup.sh'
[12.880s] INFO:colcon.colcon_core.shell:Creating prefix util module '/home/fox/agv_simulation_ws/install/_local_setup_util_sh.py'
[12.881s] INFO:colcon.colcon_core.shell:Creating prefix chain script '/home/fox/agv_simulation_ws/install/setup.sh'
[12.882s] INFO:colcon.colcon_core.shell:Creating prefix script '/home/fox/agv_simulation_ws/install/local_setup.bash'
[12.906s] INFO:colcon.colcon_core.shell:Creating prefix chain script '/home/fox/agv_simulation_ws/install/setup.bash'
[12.908s] INFO:colcon.colcon_core.shell:Creating prefix script '/home/fox/agv_simulation_ws/install/local_setup.zsh'
[12.909s] INFO:colcon.colcon_core.shell:Creating prefix chain script '/home/fox/agv_simulation_ws/install/setup.zsh'
