[0.605s] DEBUG:colcon:Command line arguments: ['/usr/bin/colcon', 'build']
[0.605s] DEBUG:colcon:Parsed command line arguments: Namespace(log_base=None, log_level=None, verb_name='build', build_base='build', install_base='install', merge_install=False, symlink_install=False, test_result_base=None, continue_on_error=False, executor='parallel', parallel_workers=8, event_handlers=None, ignore_user_meta=False, metas=['./colcon.meta'], base_paths=['.'], packages_ignore=None, packages_ignore_regex=None, paths=None, packages_up_to=None, packages_up_to_regex=None, packages_above=None, packages_above_and_dependencies=None, packages_above_depth=None, packages_select_by_dep=None, packages_skip_by_dep=None, packages_skip_up_to=None, packages_select_build_failed=False, packages_skip_build_finished=False, packages_select_test_failures=False, packages_skip_test_passed=False, packages_select=None, packages_skip=None, packages_select_regex=None, packages_skip_regex=None, packages_start=None, packages_end=None, allow_overriding=[], cmake_args=None, cmake_target=None, cmake_target_skip_unavailable=False, cmake_clean_cache=False, cmake_clean_first=False, cmake_force_configure=False, ament_cmake_args=None, catkin_cmake_args=None, catkin_skip_building_tests=False, verb_parser=<colcon_defaults.argument_parser.defaults.DefaultArgumentsDecorator object at 0x7d49a78f5db0>, verb_extension=<colcon_core.verb.build.BuildVerb object at 0x7d49a79ea830>, main=<bound method BuildVerb.main of <colcon_core.verb.build.BuildVerb object at 0x7d49a79ea830>>)
[5.500s] Level 1:colcon.colcon_core.package_discovery:discover_packages(colcon_meta) check parameters
[5.501s] Level 1:colcon.colcon_core.package_discovery:discover_packages(recursive) check parameters
[5.501s] Level 1:colcon.colcon_core.package_discovery:discover_packages(ignore) check parameters
[5.501s] Level 1:colcon.colcon_core.package_discovery:discover_packages(path) check parameters
[5.501s] Level 1:colcon.colcon_core.package_discovery:discover_packages(colcon_meta) discover
[5.501s] Level 1:colcon.colcon_core.package_discovery:discover_packages(recursive) discover
[5.501s] INFO:colcon.colcon_core.package_discovery:Crawling recursively for packages in '/home/fox/agv_simulation_ws/src'
[5.501s] Level 1:colcon.colcon_core.package_identification:_identify(.) by extensions ['ignore', 'ignore_ament_install']
[5.501s] Level 1:colcon.colcon_core.package_identification:_identify(.) by extension 'ignore'
[5.501s] Level 1:colcon.colcon_core.package_identification:_identify(.) by extension 'ignore_ament_install'
[5.501s] Level 1:colcon.colcon_core.package_identification:_identify(.) by extensions ['colcon_pkg']
[5.501s] Level 1:colcon.colcon_core.package_identification:_identify(.) by extension 'colcon_pkg'
[5.501s] Level 1:colcon.colcon_core.package_identification:_identify(.) by extensions ['colcon_meta']
[5.501s] Level 1:colcon.colcon_core.package_identification:_identify(.) by extension 'colcon_meta'
[5.501s] Level 1:colcon.colcon_core.package_identification:_identify(.) by extensions ['ros']
[5.501s] Level 1:colcon.colcon_core.package_identification:_identify(.) by extension 'ros'
[5.511s] Level 1:colcon.colcon_core.package_identification:_identify(.) by extensions ['cmake', 'python']
[5.511s] Level 1:colcon.colcon_core.package_identification:_identify(.) by extension 'cmake'
[5.511s] Level 1:colcon.colcon_core.package_identification:_identify(.) by extension 'python'
[5.511s] Level 1:colcon.colcon_core.package_identification:_identify(.) by extensions ['python_setup_py']
[5.511s] Level 1:colcon.colcon_core.package_identification:_identify(.) by extension 'python_setup_py'
[5.511s] Level 1:colcon.colcon_core.package_identification:_identify(agv_description) by extensions ['ignore', 'ignore_ament_install']
[5.511s] Level 1:colcon.colcon_core.package_identification:_identify(agv_description) by extension 'ignore'
[5.511s] Level 1:colcon.colcon_core.package_identification:_identify(agv_description) by extension 'ignore_ament_install'
[5.511s] Level 1:colcon.colcon_core.package_identification:_identify(agv_description) by extensions ['colcon_pkg']
[5.511s] Level 1:colcon.colcon_core.package_identification:_identify(agv_description) by extension 'colcon_pkg'
[5.511s] Level 1:colcon.colcon_core.package_identification:_identify(agv_description) by extensions ['colcon_meta']
[5.511s] Level 1:colcon.colcon_core.package_identification:_identify(agv_description) by extension 'colcon_meta'
[5.512s] Level 1:colcon.colcon_core.package_identification:_identify(agv_description) by extensions ['ros']
[5.512s] Level 1:colcon.colcon_core.package_identification:_identify(agv_description) by extension 'ros'
[5.513s] DEBUG:colcon.colcon_core.package_identification:Package 'agv_description' with type 'ros.ament_cmake' and name 'agv_description'
[5.513s] Level 1:colcon.colcon_core.package_identification:_identify(brinup_agv) by extensions ['ignore', 'ignore_ament_install']
[5.514s] Level 1:colcon.colcon_core.package_identification:_identify(brinup_agv) by extension 'ignore'
[5.514s] Level 1:colcon.colcon_core.package_identification:_identify(brinup_agv) by extension 'ignore_ament_install'
[5.514s] Level 1:colcon.colcon_core.package_identification:_identify(brinup_agv) by extensions ['colcon_pkg']
[5.514s] Level 1:colcon.colcon_core.package_identification:_identify(brinup_agv) by extension 'colcon_pkg'
[5.514s] Level 1:colcon.colcon_core.package_identification:_identify(brinup_agv) by extensions ['colcon_meta']
[5.514s] Level 1:colcon.colcon_core.package_identification:_identify(brinup_agv) by extension 'colcon_meta'
[5.514s] Level 1:colcon.colcon_core.package_identification:_identify(brinup_agv) by extensions ['ros']
[5.514s] Level 1:colcon.colcon_core.package_identification:_identify(brinup_agv) by extension 'ros'
[5.514s] DEBUG:colcon.colcon_core.package_identification:Package 'brinup_agv' with type 'ros.ament_cmake' and name 'brinup_agv'
[5.514s] Level 1:colcon.colcon_core.package_identification:_identify(build) by extensions ['ignore', 'ignore_ament_install']
[5.514s] Level 1:colcon.colcon_core.package_identification:_identify(build) by extension 'ignore'
[5.514s] Level 1:colcon.colcon_core.package_identification:_identify(build) ignored
[5.515s] Level 1:colcon.colcon_core.package_identification:_identify(install) by extensions ['ignore', 'ignore_ament_install']
[5.515s] Level 1:colcon.colcon_core.package_identification:_identify(install) by extension 'ignore'
[5.515s] Level 1:colcon.colcon_core.package_identification:_identify(install) ignored
[5.515s] Level 1:colcon.colcon_core.package_identification:_identify(log) by extensions ['ignore', 'ignore_ament_install']
[5.515s] Level 1:colcon.colcon_core.package_identification:_identify(log) by extension 'ignore'
[5.515s] Level 1:colcon.colcon_core.package_identification:_identify(log) ignored
[5.515s] Level 1:colcon.colcon_core.package_discovery:discover_packages(recursive) using defaults
[5.515s] Level 1:colcon.colcon_core.package_discovery:discover_packages(ignore) discover
[5.515s] Level 1:colcon.colcon_core.package_discovery:discover_packages(ignore) using defaults
[5.515s] Level 1:colcon.colcon_core.package_discovery:discover_packages(path) discover
[5.515s] Level 1:colcon.colcon_core.package_discovery:discover_packages(path) using defaults
