[0.010s] Invoking command in '/home/fox/agv_simulation_ws/build/brinup_agv': CMAKE_PREFIX_PATH=/home/fox/agv_simulation_ws/install/agv_description:/home/fox/agv_simulation_ws/install/brinup_agv:/home/fox/robo_simulation_ws/install/robo_bringup:/home/fox/robo_simulation_ws/install/robot_description:/home/fox/robo_simulation_ws/install/robo_description:/home/fox/catch_the_turtle_ws/install/turtle_catcher_bringup:/home/fox/catch_the_turtle_ws/install/custom_interface:/home/fox/catch_the_turtle_ws/install/catch_the_turtle_interface:/home/fox/ws/install/my_robot_interfaces:/home/fox/ws/install/my_custom_interfaces:/home/fox/ws/install/led_battery_interface:/home/fox/ws/install/demo_bringup:/home/fox/catch_the_turtle_ws/install/catch_the_turtle:/home/fox/ws/install/camera_vision:/opt/ros/humble /usr/bin/cmake --build /home/fox/agv_simulation_ws/build/brinup_agv -- -j8 -l8
[0.052s] Invoked command in '/home/fox/agv_simulation_ws/build/brinup_agv' returned '0': CMAKE_PREFIX_PATH=/home/fox/agv_simulation_ws/install/agv_description:/home/fox/agv_simulation_ws/install/brinup_agv:/home/fox/robo_simulation_ws/install/robo_bringup:/home/fox/robo_simulation_ws/install/robot_description:/home/fox/robo_simulation_ws/install/robo_description:/home/fox/catch_the_turtle_ws/install/turtle_catcher_bringup:/home/fox/catch_the_turtle_ws/install/custom_interface:/home/fox/catch_the_turtle_ws/install/catch_the_turtle_interface:/home/fox/ws/install/my_robot_interfaces:/home/fox/ws/install/my_custom_interfaces:/home/fox/ws/install/led_battery_interface:/home/fox/ws/install/demo_bringup:/home/fox/catch_the_turtle_ws/install/catch_the_turtle:/home/fox/ws/install/camera_vision:/opt/ros/humble /usr/bin/cmake --build /home/fox/agv_simulation_ws/build/brinup_agv -- -j8 -l8
[0.079s] Invoking command in '/home/fox/agv_simulation_ws/build/brinup_agv': CMAKE_PREFIX_PATH=/home/fox/agv_simulation_ws/install/agv_description:/home/fox/agv_simulation_ws/install/brinup_agv:/home/fox/robo_simulation_ws/install/robo_bringup:/home/fox/robo_simulation_ws/install/robot_description:/home/fox/robo_simulation_ws/install/robo_description:/home/fox/catch_the_turtle_ws/install/turtle_catcher_bringup:/home/fox/catch_the_turtle_ws/install/custom_interface:/home/fox/catch_the_turtle_ws/install/catch_the_turtle_interface:/home/fox/ws/install/my_robot_interfaces:/home/fox/ws/install/my_custom_interfaces:/home/fox/ws/install/led_battery_interface:/home/fox/ws/install/demo_bringup:/home/fox/catch_the_turtle_ws/install/catch_the_turtle:/home/fox/ws/install/camera_vision:/opt/ros/humble /usr/bin/cmake --install /home/fox/agv_simulation_ws/build/brinup_agv
[0.087s] -- Install configuration: ""
[0.088s] -- Execute custom install script
[0.088s] -- Up-to-date symlink: /home/fox/agv_simulation_ws/install/brinup_agv/share/brinup_agv//launch/agv.launch.xml
[0.088s] -- Up-to-date symlink: /home/fox/agv_simulation_ws/install/brinup_agv/share/ament_index/resource_index/package_run_dependencies/brinup_agv
[0.089s] -- Up-to-date symlink: /home/fox/agv_simulation_ws/install/brinup_agv/share/ament_index/resource_index/parent_prefix_path/brinup_agv
[0.089s] -- Up-to-date symlink: /home/fox/agv_simulation_ws/install/brinup_agv/share/brinup_agv/environment/ament_prefix_path.sh
[0.089s] -- Up-to-date symlink: /home/fox/agv_simulation_ws/install/brinup_agv/share/brinup_agv/environment/ament_prefix_path.dsv
[0.089s] -- Up-to-date symlink: /home/fox/agv_simulation_ws/install/brinup_agv/share/brinup_agv/environment/path.sh
[0.089s] -- Up-to-date symlink: /home/fox/agv_simulation_ws/install/brinup_agv/share/brinup_agv/environment/path.dsv
[0.089s] -- Up-to-date symlink: /home/fox/agv_simulation_ws/install/brinup_agv/share/brinup_agv/local_setup.bash
[0.089s] -- Up-to-date symlink: /home/fox/agv_simulation_ws/install/brinup_agv/share/brinup_agv/local_setup.sh
[0.090s] -- Up-to-date symlink: /home/fox/agv_simulation_ws/install/brinup_agv/share/brinup_agv/local_setup.zsh
[0.090s] -- Up-to-date symlink: /home/fox/agv_simulation_ws/install/brinup_agv/share/brinup_agv/local_setup.dsv
[0.090s] -- Symlinking: /home/fox/agv_simulation_ws/install/brinup_agv/share/brinup_agv/package.dsv
[0.100s] -- Up-to-date symlink: /home/fox/agv_simulation_ws/install/brinup_agv/share/ament_index/resource_index/packages/brinup_agv
[0.100s] -- Up-to-date symlink: /home/fox/agv_simulation_ws/install/brinup_agv/share/brinup_agv/cmake/brinup_agvConfig.cmake
[0.100s] -- Up-to-date symlink: /home/fox/agv_simulation_ws/install/brinup_agv/share/brinup_agv/cmake/brinup_agvConfig-version.cmake
[0.100s] -- Up-to-date symlink: /home/fox/agv_simulation_ws/install/brinup_agv/share/brinup_agv/package.xml
[0.103s] Invoked command in '/home/fox/agv_simulation_ws/build/brinup_agv' returned '0': CMAKE_PREFIX_PATH=/home/fox/agv_simulation_ws/install/agv_description:/home/fox/agv_simulation_ws/install/brinup_agv:/home/fox/robo_simulation_ws/install/robo_bringup:/home/fox/robo_simulation_ws/install/robot_description:/home/fox/robo_simulation_ws/install/robo_description:/home/fox/catch_the_turtle_ws/install/turtle_catcher_bringup:/home/fox/catch_the_turtle_ws/install/custom_interface:/home/fox/catch_the_turtle_ws/install/catch_the_turtle_interface:/home/fox/ws/install/my_robot_interfaces:/home/fox/ws/install/my_custom_interfaces:/home/fox/ws/install/led_battery_interface:/home/fox/ws/install/demo_bringup:/home/fox/catch_the_turtle_ws/install/catch_the_turtle:/home/fox/ws/install/camera_vision:/opt/ros/humble /usr/bin/cmake --install /home/fox/agv_simulation_ws/build/brinup_agv
