[0.103s] DEBUG:colcon:Command line arguments: ['/usr/bin/colcon', 'build', '--symlink-install']
[0.103s] DEBUG:colcon:Parsed command line arguments: Namespace(log_base=None, log_level=None, verb_name='build', build_base='build', install_base='install', merge_install=False, symlink_install=True, test_result_base=None, continue_on_error=False, executor='parallel', parallel_workers=8, event_handlers=None, ignore_user_meta=False, metas=['./colcon.meta'], base_paths=['.'], packages_ignore=None, packages_ignore_regex=None, paths=None, packages_up_to=None, packages_up_to_regex=None, packages_above=None, packages_above_and_dependencies=None, packages_above_depth=None, packages_select_by_dep=None, packages_skip_by_dep=None, packages_skip_up_to=None, packages_select_build_failed=False, packages_skip_build_finished=False, packages_select_test_failures=False, packages_skip_test_passed=False, packages_select=None, packages_skip=None, packages_select_regex=None, packages_skip_regex=None, packages_start=None, packages_end=None, allow_overriding=[], cmake_args=None, cmake_target=None, cmake_target_skip_unavailable=False, cmake_clean_cache=False, cmake_clean_first=False, cmake_force_configure=False, ament_cmake_args=None, catkin_cmake_args=None, catkin_skip_building_tests=False, verb_parser=<colcon_defaults.argument_parser.defaults.DefaultArgumentsDecorator object at 0x78c44f7d1db0>, verb_extension=<colcon_core.verb.build.BuildVerb object at 0x78c44f8ca830>, main=<bound method BuildVerb.main of <colcon_core.verb.build.BuildVerb object at 0x78c44f8ca830>>)
[0.313s] Level 1:colcon.colcon_core.package_discovery:discover_packages(colcon_meta) check parameters
[0.313s] Level 1:colcon.colcon_core.package_discovery:discover_packages(recursive) check parameters
[0.313s] Level 1:colcon.colcon_core.package_discovery:discover_packages(ignore) check parameters
[0.313s] Level 1:colcon.colcon_core.package_discovery:discover_packages(path) check parameters
[0.313s] Level 1:colcon.colcon_core.package_discovery:discover_packages(colcon_meta) discover
[0.313s] Level 1:colcon.colcon_core.package_discovery:discover_packages(recursive) discover
[0.313s] INFO:colcon.colcon_core.package_discovery:Crawling recursively for packages in '/home/fox/agv_simulation_ws'
[0.314s] Level 1:colcon.colcon_core.package_identification:_identify(.) by extensions ['ignore', 'ignore_ament_install']
[0.314s] Level 1:colcon.colcon_core.package_identification:_identify(.) by extension 'ignore'
[0.314s] Level 1:colcon.colcon_core.package_identification:_identify(.) by extension 'ignore_ament_install'
[0.314s] Level 1:colcon.colcon_core.package_identification:_identify(.) by extensions ['colcon_pkg']
[0.314s] Level 1:colcon.colcon_core.package_identification:_identify(.) by extension 'colcon_pkg'
[0.314s] Level 1:colcon.colcon_core.package_identification:_identify(.) by extensions ['colcon_meta']
[0.314s] Level 1:colcon.colcon_core.package_identification:_identify(.) by extension 'colcon_meta'
[0.314s] Level 1:colcon.colcon_core.package_identification:_identify(.) by extensions ['ros']
[0.314s] Level 1:colcon.colcon_core.package_identification:_identify(.) by extension 'ros'
[0.325s] Level 1:colcon.colcon_core.package_identification:_identify(.) by extensions ['cmake', 'python']
[0.325s] Level 1:colcon.colcon_core.package_identification:_identify(.) by extension 'cmake'
[0.325s] Level 1:colcon.colcon_core.package_identification:_identify(.) by extension 'python'
[0.325s] Level 1:colcon.colcon_core.package_identification:_identify(.) by extensions ['python_setup_py']
[0.325s] Level 1:colcon.colcon_core.package_identification:_identify(.) by extension 'python_setup_py'
[0.325s] Level 1:colcon.colcon_core.package_identification:_identify(build) by extensions ['ignore', 'ignore_ament_install']
[0.326s] Level 1:colcon.colcon_core.package_identification:_identify(build) by extension 'ignore'
[0.326s] Level 1:colcon.colcon_core.package_identification:_identify(build) ignored
[0.326s] Level 1:colcon.colcon_core.package_identification:_identify(install) by extensions ['ignore', 'ignore_ament_install']
[0.326s] Level 1:colcon.colcon_core.package_identification:_identify(install) by extension 'ignore'
[0.326s] Level 1:colcon.colcon_core.package_identification:_identify(install) ignored
[0.326s] Level 1:colcon.colcon_core.package_identification:_identify(log) by extensions ['ignore', 'ignore_ament_install']
[0.326s] Level 1:colcon.colcon_core.package_identification:_identify(log) by extension 'ignore'
[0.326s] Level 1:colcon.colcon_core.package_identification:_identify(log) ignored
[0.326s] Level 1:colcon.colcon_core.package_identification:_identify(src) by extensions ['ignore', 'ignore_ament_install']
[0.326s] Level 1:colcon.colcon_core.package_identification:_identify(src) by extension 'ignore'
[0.326s] Level 1:colcon.colcon_core.package_identification:_identify(src) by extension 'ignore_ament_install'
[0.326s] Level 1:colcon.colcon_core.package_identification:_identify(src) by extensions ['colcon_pkg']
[0.327s] Level 1:colcon.colcon_core.package_identification:_identify(src) by extension 'colcon_pkg'
[0.327s] Level 1:colcon.colcon_core.package_identification:_identify(src) by extensions ['colcon_meta']
[0.327s] Level 1:colcon.colcon_core.package_identification:_identify(src) by extension 'colcon_meta'
[0.327s] Level 1:colcon.colcon_core.package_identification:_identify(src) by extensions ['ros']
[0.327s] Level 1:colcon.colcon_core.package_identification:_identify(src) by extension 'ros'
[0.327s] Level 1:colcon.colcon_core.package_identification:_identify(src) by extensions ['cmake', 'python']
[0.327s] Level 1:colcon.colcon_core.package_identification:_identify(src) by extension 'cmake'
[0.327s] Level 1:colcon.colcon_core.package_identification:_identify(src) by extension 'python'
[0.327s] Level 1:colcon.colcon_core.package_identification:_identify(src) by extensions ['python_setup_py']
[0.327s] Level 1:colcon.colcon_core.package_identification:_identify(src) by extension 'python_setup_py'
[0.327s] Level 1:colcon.colcon_core.package_identification:_identify(src/agv_description) by extensions ['ignore', 'ignore_ament_install']
[0.327s] Level 1:colcon.colcon_core.package_identification:_identify(src/agv_description) by extension 'ignore'
[0.327s] Level 1:colcon.colcon_core.package_identification:_identify(src/agv_description) by extension 'ignore_ament_install'
[0.327s] Level 1:colcon.colcon_core.package_identification:_identify(src/agv_description) by extensions ['colcon_pkg']
[0.327s] Level 1:colcon.colcon_core.package_identification:_identify(src/agv_description) by extension 'colcon_pkg'
[0.327s] Level 1:colcon.colcon_core.package_identification:_identify(src/agv_description) by extensions ['colcon_meta']
[0.327s] Level 1:colcon.colcon_core.package_identification:_identify(src/agv_description) by extension 'colcon_meta'
[0.327s] Level 1:colcon.colcon_core.package_identification:_identify(src/agv_description) by extensions ['ros']
[0.327s] Level 1:colcon.colcon_core.package_identification:_identify(src/agv_description) by extension 'ros'
[0.329s] DEBUG:colcon.colcon_core.package_identification:Package 'src/agv_description' with type 'ros.ament_cmake' and name 'agv_description'
[0.330s] Level 1:colcon.colcon_core.package_identification:_identify(src/brinup_agv) by extensions ['ignore', 'ignore_ament_install']
[0.330s] Level 1:colcon.colcon_core.package_identification:_identify(src/brinup_agv) by extension 'ignore'
[0.330s] Level 1:colcon.colcon_core.package_identification:_identify(src/brinup_agv) by extension 'ignore_ament_install'
[0.330s] Level 1:colcon.colcon_core.package_identification:_identify(src/brinup_agv) by extensions ['colcon_pkg']
[0.330s] Level 1:colcon.colcon_core.package_identification:_identify(src/brinup_agv) by extension 'colcon_pkg'
[0.330s] Level 1:colcon.colcon_core.package_identification:_identify(src/brinup_agv) by extensions ['colcon_meta']
[0.330s] Level 1:colcon.colcon_core.package_identification:_identify(src/brinup_agv) by extension 'colcon_meta'
[0.330s] Level 1:colcon.colcon_core.package_identification:_identify(src/brinup_agv) by extensions ['ros']
[0.330s] Level 1:colcon.colcon_core.package_identification:_identify(src/brinup_agv) by extension 'ros'
[0.330s] DEBUG:colcon.colcon_core.package_identification:Package 'src/brinup_agv' with type 'ros.ament_cmake' and name 'brinup_agv'
[0.330s] Level 1:colcon.colcon_core.package_identification:_identify(src/build) by extensions ['ignore', 'ignore_ament_install']
[0.331s] Level 1:colcon.colcon_core.package_identification:_identify(src/build) by extension 'ignore'
[0.331s] Level 1:colcon.colcon_core.package_identification:_identify(src/build) ignored
[0.331s] Level 1:colcon.colcon_core.package_identification:_identify(src/install) by extensions ['ignore', 'ignore_ament_install']
[0.331s] Level 1:colcon.colcon_core.package_identification:_identify(src/install) by extension 'ignore'
[0.331s] Level 1:colcon.colcon_core.package_identification:_identify(src/install) ignored
[0.331s] Level 1:colcon.colcon_core.package_identification:_identify(src/log) by extensions ['ignore', 'ignore_ament_install']
[0.331s] Level 1:colcon.colcon_core.package_identification:_identify(src/log) by extension 'ignore'
[0.331s] Level 1:colcon.colcon_core.package_identification:_identify(src/log) ignored
[0.331s] Level 1:colcon.colcon_core.package_discovery:discover_packages(recursive) using defaults
[0.331s] Level 1:colcon.colcon_core.package_discovery:discover_packages(ignore) discover
[0.331s] Level 1:colcon.colcon_core.package_discovery:discover_packages(ignore) using defaults
[0.331s] Level 1:colcon.colcon_core.package_discovery:discover_packages(path) discover
[0.331s] Level 1:colcon.colcon_core.package_discovery:discover_packages(path) using defaults
[0.385s] Level 1:colcon.colcon_core.package_discovery:discover_packages(prefix_path) check parameters
[0.385s] Level 1:colcon.colcon_core.package_discovery:discover_packages(prefix_path) discover
[0.468s] DEBUG:colcon.colcon_installed_package_information.package_discovery:Found 3 installed packages in /home/fox/robo_simulation_ws/install
[0.469s] DEBUG:colcon.colcon_installed_package_information.package_discovery:Found 4 installed packages in /home/fox/catch_the_turtle_ws/install
[0.469s] DEBUG:colcon.colcon_installed_package_information.package_discovery:Found 5 installed packages in /home/fox/ws/install
[0.470s] DEBUG:colcon.colcon_installed_package_information.package_discovery:Found 2 installed packages in /home/fox/agv_simulation_ws/install
[0.471s] DEBUG:colcon.colcon_installed_package_information.package_discovery:Found 282 installed packages in /opt/ros/humble
[0.472s] Level 1:colcon.colcon_core.package_discovery:discover_packages(prefix_path) using defaults
[0.877s] Level 5:colcon.colcon_core.verb:set package 'agv_description' build argument 'cmake_args' from command line to 'None'
[0.877s] Level 5:colcon.colcon_core.verb:set package 'agv_description' build argument 'cmake_target' from command line to 'None'
[0.878s] Level 5:colcon.colcon_core.verb:set package 'agv_description' build argument 'cmake_target_skip_unavailable' from command line to 'False'
[0.878s] Level 5:colcon.colcon_core.verb:set package 'agv_description' build argument 'cmake_clean_cache' from command line to 'False'
[0.878s] Level 5:colcon.colcon_core.verb:set package 'agv_description' build argument 'cmake_clean_first' from command line to 'False'
[0.878s] Level 5:colcon.colcon_core.verb:set package 'agv_description' build argument 'cmake_force_configure' from command line to 'False'
[0.878s] Level 5:colcon.colcon_core.verb:set package 'agv_description' build argument 'ament_cmake_args' from command line to 'None'
[0.878s] Level 5:colcon.colcon_core.verb:set package 'agv_description' build argument 'catkin_cmake_args' from command line to 'None'
[0.878s] Level 5:colcon.colcon_core.verb:set package 'agv_description' build argument 'catkin_skip_building_tests' from command line to 'False'
[0.878s] DEBUG:colcon.colcon_core.verb:Building package 'agv_description' with the following arguments: {'ament_cmake_args': None, 'build_base': '/home/fox/agv_simulation_ws/build/agv_description', 'catkin_cmake_args': None, 'catkin_skip_building_tests': False, 'cmake_args': None, 'cmake_clean_cache': False, 'cmake_clean_first': False, 'cmake_force_configure': False, 'cmake_target': None, 'cmake_target_skip_unavailable': False, 'install_base': '/home/fox/agv_simulation_ws/install/agv_description', 'merge_install': False, 'path': '/home/fox/agv_simulation_ws/src/agv_description', 'symlink_install': True, 'test_result_base': None}
[0.878s] Level 5:colcon.colcon_core.verb:set package 'brinup_agv' build argument 'cmake_args' from command line to 'None'
[0.878s] Level 5:colcon.colcon_core.verb:set package 'brinup_agv' build argument 'cmake_target' from command line to 'None'
[0.878s] Level 5:colcon.colcon_core.verb:set package 'brinup_agv' build argument 'cmake_target_skip_unavailable' from command line to 'False'
[0.878s] Level 5:colcon.colcon_core.verb:set package 'brinup_agv' build argument 'cmake_clean_cache' from command line to 'False'
[0.878s] Level 5:colcon.colcon_core.verb:set package 'brinup_agv' build argument 'cmake_clean_first' from command line to 'False'
[0.878s] Level 5:colcon.colcon_core.verb:set package 'brinup_agv' build argument 'cmake_force_configure' from command line to 'False'
[0.878s] Level 5:colcon.colcon_core.verb:set package 'brinup_agv' build argument 'ament_cmake_args' from command line to 'None'
[0.878s] Level 5:colcon.colcon_core.verb:set package 'brinup_agv' build argument 'catkin_cmake_args' from command line to 'None'
[0.878s] Level 5:colcon.colcon_core.verb:set package 'brinup_agv' build argument 'catkin_skip_building_tests' from command line to 'False'
[0.878s] DEBUG:colcon.colcon_core.verb:Building package 'brinup_agv' with the following arguments: {'ament_cmake_args': None, 'build_base': '/home/fox/agv_simulation_ws/build/brinup_agv', 'catkin_cmake_args': None, 'catkin_skip_building_tests': False, 'cmake_args': None, 'cmake_clean_cache': False, 'cmake_clean_first': False, 'cmake_force_configure': False, 'cmake_target': None, 'cmake_target_skip_unavailable': False, 'install_base': '/home/fox/agv_simulation_ws/install/brinup_agv', 'merge_install': False, 'path': '/home/fox/agv_simulation_ws/src/brinup_agv', 'symlink_install': True, 'test_result_base': None}
[0.878s] INFO:colcon.colcon_core.executor:Executing jobs using 'parallel' executor
[0.879s] DEBUG:colcon.colcon_parallel_executor.executor.parallel:run_until_complete
[0.880s] INFO:colcon.colcon_ros.task.ament_cmake.build:Building ROS package in '/home/fox/agv_simulation_ws/src/agv_description' with build type 'ament_cmake'
[0.880s] INFO:colcon.colcon_cmake.task.cmake.build:Building CMake package in '/home/fox/agv_simulation_ws/src/agv_description'
[0.913s] INFO:colcon.colcon_core.plugin_system:Skipping extension 'colcon_core.shell.bat': Not used on non-Windows systems
[0.913s] INFO:colcon.colcon_core.shell:Skip shell extension 'powershell' for command environment: Not usable outside of PowerShell
[0.913s] DEBUG:colcon.colcon_core.shell:Skip shell extension 'dsv' for command environment
[0.984s] DEBUG:colcon.colcon_core.event_handler.log_command:Invoking command in '/home/fox/agv_simulation_ws/build/agv_description': CMAKE_PREFIX_PATH=${CMAKE_PREFIX_PATH}:/home/fox/catch_the_turtle_ws/install/catch_the_turtle:/home/fox/ws/install/camera_vision:/opt/ros/humble /usr/bin/cmake --build /home/fox/agv_simulation_ws/build/agv_description -- -j8 -l8
[1.244s] DEBUG:colcon.colcon_core.event_handler.log_command:Invoked command in '/home/fox/agv_simulation_ws/build/agv_description' returned '0': CMAKE_PREFIX_PATH=${CMAKE_PREFIX_PATH}:/home/fox/catch_the_turtle_ws/install/catch_the_turtle:/home/fox/ws/install/camera_vision:/opt/ros/humble /usr/bin/cmake --build /home/fox/agv_simulation_ws/build/agv_description -- -j8 -l8
[1.282s] DEBUG:colcon.colcon_core.event_handler.log_command:Invoking command in '/home/fox/agv_simulation_ws/build/agv_description': CMAKE_PREFIX_PATH=${CMAKE_PREFIX_PATH}:/home/fox/catch_the_turtle_ws/install/catch_the_turtle:/home/fox/ws/install/camera_vision:/opt/ros/humble /usr/bin/cmake --install /home/fox/agv_simulation_ws/build/agv_description
[1.369s] Level 1:colcon.colcon_core.environment:create_environment_scripts_only(agv_description)
[1.370s] DEBUG:colcon.colcon_core.event_handler.log_command:Invoked command in '/home/fox/agv_simulation_ws/build/agv_description' returned '0': CMAKE_PREFIX_PATH=${CMAKE_PREFIX_PATH}:/home/fox/catch_the_turtle_ws/install/catch_the_turtle:/home/fox/ws/install/camera_vision:/opt/ros/humble /usr/bin/cmake --install /home/fox/agv_simulation_ws/build/agv_description
[1.434s] Level 1:colcon.colcon_core.environment:checking '/home/fox/agv_simulation_ws/install/agv_description' for CMake module files
[1.434s] Level 1:colcon.colcon_core.environment:checking '/home/fox/agv_simulation_ws/install/agv_description' for CMake config files
[1.435s] Level 1:colcon.colcon_core.shell:create_environment_hook('agv_description', 'cmake_prefix_path')
[1.435s] INFO:colcon.colcon_core.shell:Creating environment hook '/home/fox/agv_simulation_ws/install/agv_description/share/agv_description/hook/cmake_prefix_path.ps1'
[1.450s] INFO:colcon.colcon_core.shell:Creating environment descriptor '/home/fox/agv_simulation_ws/install/agv_description/share/agv_description/hook/cmake_prefix_path.dsv'
[1.470s] INFO:colcon.colcon_core.shell:Creating environment hook '/home/fox/agv_simulation_ws/install/agv_description/share/agv_description/hook/cmake_prefix_path.sh'
[1.471s] Level 1:colcon.colcon_core.environment:checking '/home/fox/agv_simulation_ws/install/agv_description/bin'
[1.471s] Level 1:colcon.colcon_core.environment:checking '/home/fox/agv_simulation_ws/install/agv_description/lib/pkgconfig/agv_description.pc'
[1.472s] Level 1:colcon.colcon_core.environment:checking '/home/fox/agv_simulation_ws/install/agv_description/lib/python3.10/site-packages'
[1.472s] Level 1:colcon.colcon_core.environment:checking '/home/fox/agv_simulation_ws/install/agv_description/bin'
[1.472s] INFO:colcon.colcon_core.shell:Creating package script '/home/fox/agv_simulation_ws/install/agv_description/share/agv_description/package.ps1'
[1.473s] INFO:colcon.colcon_core.shell:Creating package descriptor '/home/fox/agv_simulation_ws/install/agv_description/share/agv_description/package.dsv'
[1.474s] INFO:colcon.colcon_core.shell:Creating package script '/home/fox/agv_simulation_ws/install/agv_description/share/agv_description/package.sh'
[1.475s] INFO:colcon.colcon_core.shell:Creating package script '/home/fox/agv_simulation_ws/install/agv_description/share/agv_description/package.bash'
[1.511s] INFO:colcon.colcon_core.shell:Creating package script '/home/fox/agv_simulation_ws/install/agv_description/share/agv_description/package.zsh'
[1.512s] Level 1:colcon.colcon_core.environment:create_file_with_runtime_dependencies(/home/fox/agv_simulation_ws/install/agv_description/share/colcon-core/packages/agv_description)
[1.538s] Level 1:colcon.colcon_core.environment:create_environment_scripts_only(agv_description)
[1.538s] Level 1:colcon.colcon_core.environment:checking '/home/fox/agv_simulation_ws/install/agv_description' for CMake module files
[1.539s] Level 1:colcon.colcon_core.environment:checking '/home/fox/agv_simulation_ws/install/agv_description' for CMake config files
[1.539s] Level 1:colcon.colcon_core.shell:create_environment_hook('agv_description', 'cmake_prefix_path')
[1.539s] INFO:colcon.colcon_core.shell:Creating environment hook '/home/fox/agv_simulation_ws/install/agv_description/share/agv_description/hook/cmake_prefix_path.ps1'
[1.539s] INFO:colcon.colcon_core.shell:Creating environment descriptor '/home/fox/agv_simulation_ws/install/agv_description/share/agv_description/hook/cmake_prefix_path.dsv'
[1.540s] INFO:colcon.colcon_core.shell:Creating environment hook '/home/fox/agv_simulation_ws/install/agv_description/share/agv_description/hook/cmake_prefix_path.sh'
[1.540s] Level 1:colcon.colcon_core.environment:checking '/home/fox/agv_simulation_ws/install/agv_description/bin'
[1.540s] Level 1:colcon.colcon_core.environment:checking '/home/fox/agv_simulation_ws/install/agv_description/lib/pkgconfig/agv_description.pc'
[1.540s] Level 1:colcon.colcon_core.environment:checking '/home/fox/agv_simulation_ws/install/agv_description/lib/python3.10/site-packages'
[1.541s] Level 1:colcon.colcon_core.environment:checking '/home/fox/agv_simulation_ws/install/agv_description/bin'
[1.541s] INFO:colcon.colcon_core.shell:Creating package script '/home/fox/agv_simulation_ws/install/agv_description/share/agv_description/package.ps1'
[1.541s] INFO:colcon.colcon_core.shell:Creating package descriptor '/home/fox/agv_simulation_ws/install/agv_description/share/agv_description/package.dsv'
[1.542s] INFO:colcon.colcon_core.shell:Creating package script '/home/fox/agv_simulation_ws/install/agv_description/share/agv_description/package.sh'
[1.542s] INFO:colcon.colcon_core.shell:Creating package script '/home/fox/agv_simulation_ws/install/agv_description/share/agv_description/package.bash'
[1.542s] INFO:colcon.colcon_core.shell:Creating package script '/home/fox/agv_simulation_ws/install/agv_description/share/agv_description/package.zsh'
[1.543s] Level 1:colcon.colcon_core.environment:create_file_with_runtime_dependencies(/home/fox/agv_simulation_ws/install/agv_description/share/colcon-core/packages/agv_description)
[1.543s] INFO:colcon.colcon_ros.task.ament_cmake.build:Building ROS package in '/home/fox/agv_simulation_ws/src/brinup_agv' with build type 'ament_cmake'
[1.543s] INFO:colcon.colcon_cmake.task.cmake.build:Building CMake package in '/home/fox/agv_simulation_ws/src/brinup_agv'
[1.544s] INFO:colcon.colcon_core.shell:Skip shell extension 'powershell' for command environment: Not usable outside of PowerShell
[1.544s] DEBUG:colcon.colcon_core.shell:Skip shell extension 'dsv' for command environment
[1.696s] DEBUG:colcon.colcon_core.event_handler.log_command:Invoking command in '/home/fox/agv_simulation_ws/build/brinup_agv': CMAKE_PREFIX_PATH=/home/fox/agv_simulation_ws/install/agv_description:/home/fox/agv_simulation_ws/install/brinup_agv:/home/fox/robo_simulation_ws/install/robo_bringup:/home/fox/robo_simulation_ws/install/robot_description:/home/fox/robo_simulation_ws/install/robo_description:/home/fox/catch_the_turtle_ws/install/turtle_catcher_bringup:/home/fox/catch_the_turtle_ws/install/custom_interface:/home/fox/catch_the_turtle_ws/install/catch_the_turtle_interface:/home/fox/ws/install/my_robot_interfaces:/home/fox/ws/install/my_custom_interfaces:/home/fox/ws/install/led_battery_interface:/home/fox/ws/install/demo_bringup:/home/fox/catch_the_turtle_ws/install/catch_the_turtle:/home/fox/ws/install/camera_vision:/opt/ros/humble /usr/bin/cmake --build /home/fox/agv_simulation_ws/build/brinup_agv -- -j8 -l8
[1.767s] DEBUG:colcon.colcon_core.event_handler.log_command:Invoked command in '/home/fox/agv_simulation_ws/build/brinup_agv' returned '0': CMAKE_PREFIX_PATH=/home/fox/agv_simulation_ws/install/agv_description:/home/fox/agv_simulation_ws/install/brinup_agv:/home/fox/robo_simulation_ws/install/robo_bringup:/home/fox/robo_simulation_ws/install/robot_description:/home/fox/robo_simulation_ws/install/robo_description:/home/fox/catch_the_turtle_ws/install/turtle_catcher_bringup:/home/fox/catch_the_turtle_ws/install/custom_interface:/home/fox/catch_the_turtle_ws/install/catch_the_turtle_interface:/home/fox/ws/install/my_robot_interfaces:/home/fox/ws/install/my_custom_interfaces:/home/fox/ws/install/led_battery_interface:/home/fox/ws/install/demo_bringup:/home/fox/catch_the_turtle_ws/install/catch_the_turtle:/home/fox/ws/install/camera_vision:/opt/ros/humble /usr/bin/cmake --build /home/fox/agv_simulation_ws/build/brinup_agv -- -j8 -l8
[1.794s] DEBUG:colcon.colcon_core.event_handler.log_command:Invoking command in '/home/fox/agv_simulation_ws/build/brinup_agv': CMAKE_PREFIX_PATH=/home/fox/agv_simulation_ws/install/agv_description:/home/fox/agv_simulation_ws/install/brinup_agv:/home/fox/robo_simulation_ws/install/robo_bringup:/home/fox/robo_simulation_ws/install/robot_description:/home/fox/robo_simulation_ws/install/robo_description:/home/fox/catch_the_turtle_ws/install/turtle_catcher_bringup:/home/fox/catch_the_turtle_ws/install/custom_interface:/home/fox/catch_the_turtle_ws/install/catch_the_turtle_interface:/home/fox/ws/install/my_robot_interfaces:/home/fox/ws/install/my_custom_interfaces:/home/fox/ws/install/led_battery_interface:/home/fox/ws/install/demo_bringup:/home/fox/catch_the_turtle_ws/install/catch_the_turtle:/home/fox/ws/install/camera_vision:/opt/ros/humble /usr/bin/cmake --install /home/fox/agv_simulation_ws/build/brinup_agv
[1.848s] Level 1:colcon.colcon_core.environment:create_environment_scripts_only(brinup_agv)
[1.849s] DEBUG:colcon.colcon_core.event_handler.log_command:Invoked command in '/home/fox/agv_simulation_ws/build/brinup_agv' returned '0': CMAKE_PREFIX_PATH=/home/fox/agv_simulation_ws/install/agv_description:/home/fox/agv_simulation_ws/install/brinup_agv:/home/fox/robo_simulation_ws/install/robo_bringup:/home/fox/robo_simulation_ws/install/robot_description:/home/fox/robo_simulation_ws/install/robo_description:/home/fox/catch_the_turtle_ws/install/turtle_catcher_bringup:/home/fox/catch_the_turtle_ws/install/custom_interface:/home/fox/catch_the_turtle_ws/install/catch_the_turtle_interface:/home/fox/ws/install/my_robot_interfaces:/home/fox/ws/install/my_custom_interfaces:/home/fox/ws/install/led_battery_interface:/home/fox/ws/install/demo_bringup:/home/fox/catch_the_turtle_ws/install/catch_the_turtle:/home/fox/ws/install/camera_vision:/opt/ros/humble /usr/bin/cmake --install /home/fox/agv_simulation_ws/build/brinup_agv
[1.849s] Level 1:colcon.colcon_core.environment:checking '/home/fox/agv_simulation_ws/install/brinup_agv' for CMake module files
[1.849s] Level 1:colcon.colcon_core.environment:checking '/home/fox/agv_simulation_ws/install/brinup_agv' for CMake config files
[1.850s] Level 1:colcon.colcon_core.shell:create_environment_hook('brinup_agv', 'cmake_prefix_path')
[1.850s] INFO:colcon.colcon_core.shell:Creating environment hook '/home/fox/agv_simulation_ws/install/brinup_agv/share/brinup_agv/hook/cmake_prefix_path.ps1'
[1.850s] INFO:colcon.colcon_core.shell:Creating environment descriptor '/home/fox/agv_simulation_ws/install/brinup_agv/share/brinup_agv/hook/cmake_prefix_path.dsv'
[1.851s] INFO:colcon.colcon_core.shell:Creating environment hook '/home/fox/agv_simulation_ws/install/brinup_agv/share/brinup_agv/hook/cmake_prefix_path.sh'
[1.851s] Level 1:colcon.colcon_core.environment:checking '/home/fox/agv_simulation_ws/install/brinup_agv/bin'
[1.851s] Level 1:colcon.colcon_core.environment:checking '/home/fox/agv_simulation_ws/install/brinup_agv/lib/pkgconfig/brinup_agv.pc'
[1.851s] Level 1:colcon.colcon_core.environment:checking '/home/fox/agv_simulation_ws/install/brinup_agv/lib/python3.10/site-packages'
[1.852s] Level 1:colcon.colcon_core.environment:checking '/home/fox/agv_simulation_ws/install/brinup_agv/bin'
[1.852s] INFO:colcon.colcon_core.shell:Creating package script '/home/fox/agv_simulation_ws/install/brinup_agv/share/brinup_agv/package.ps1'
[1.852s] INFO:colcon.colcon_core.shell:Creating package descriptor '/home/fox/agv_simulation_ws/install/brinup_agv/share/brinup_agv/package.dsv'
[1.853s] INFO:colcon.colcon_core.shell:Creating package script '/home/fox/agv_simulation_ws/install/brinup_agv/share/brinup_agv/package.sh'
[1.853s] INFO:colcon.colcon_core.shell:Creating package script '/home/fox/agv_simulation_ws/install/brinup_agv/share/brinup_agv/package.bash'
[1.853s] INFO:colcon.colcon_core.shell:Creating package script '/home/fox/agv_simulation_ws/install/brinup_agv/share/brinup_agv/package.zsh'
[1.854s] Level 1:colcon.colcon_core.environment:create_file_with_runtime_dependencies(/home/fox/agv_simulation_ws/install/brinup_agv/share/colcon-core/packages/brinup_agv)
[1.880s] Level 1:colcon.colcon_core.environment:create_environment_scripts_only(brinup_agv)
[1.880s] Level 1:colcon.colcon_core.environment:checking '/home/fox/agv_simulation_ws/install/brinup_agv' for CMake module files
[1.880s] Level 1:colcon.colcon_core.environment:checking '/home/fox/agv_simulation_ws/install/brinup_agv' for CMake config files
[1.881s] Level 1:colcon.colcon_core.shell:create_environment_hook('brinup_agv', 'cmake_prefix_path')
[1.881s] INFO:colcon.colcon_core.shell:Creating environment hook '/home/fox/agv_simulation_ws/install/brinup_agv/share/brinup_agv/hook/cmake_prefix_path.ps1'
[1.881s] INFO:colcon.colcon_core.shell:Creating environment descriptor '/home/fox/agv_simulation_ws/install/brinup_agv/share/brinup_agv/hook/cmake_prefix_path.dsv'
[1.882s] INFO:colcon.colcon_core.shell:Creating environment hook '/home/fox/agv_simulation_ws/install/brinup_agv/share/brinup_agv/hook/cmake_prefix_path.sh'
[1.882s] Level 1:colcon.colcon_core.environment:checking '/home/fox/agv_simulation_ws/install/brinup_agv/bin'
[1.882s] Level 1:colcon.colcon_core.environment:checking '/home/fox/agv_simulation_ws/install/brinup_agv/lib/pkgconfig/brinup_agv.pc'
[1.883s] Level 1:colcon.colcon_core.environment:checking '/home/fox/agv_simulation_ws/install/brinup_agv/lib/python3.10/site-packages'
[1.883s] Level 1:colcon.colcon_core.environment:checking '/home/fox/agv_simulation_ws/install/brinup_agv/bin'
[1.883s] INFO:colcon.colcon_core.shell:Creating package script '/home/fox/agv_simulation_ws/install/brinup_agv/share/brinup_agv/package.ps1'
[1.884s] INFO:colcon.colcon_core.shell:Creating package descriptor '/home/fox/agv_simulation_ws/install/brinup_agv/share/brinup_agv/package.dsv'
[1.884s] INFO:colcon.colcon_core.shell:Creating package script '/home/fox/agv_simulation_ws/install/brinup_agv/share/brinup_agv/package.sh'
[1.884s] INFO:colcon.colcon_core.shell:Creating package script '/home/fox/agv_simulation_ws/install/brinup_agv/share/brinup_agv/package.bash'
[1.885s] INFO:colcon.colcon_core.shell:Creating package script '/home/fox/agv_simulation_ws/install/brinup_agv/share/brinup_agv/package.zsh'
[1.885s] Level 1:colcon.colcon_core.environment:create_file_with_runtime_dependencies(/home/fox/agv_simulation_ws/install/brinup_agv/share/colcon-core/packages/brinup_agv)
[1.885s] DEBUG:colcon.colcon_parallel_executor.executor.parallel:closing loop
[1.886s] DEBUG:colcon.colcon_parallel_executor.executor.parallel:loop closed
[1.886s] DEBUG:colcon.colcon_parallel_executor.executor.parallel:run_until_complete finished with '0'
[1.886s] DEBUG:colcon.colcon_core.event_reactor:joining thread
[1.988s] INFO:colcon.colcon_core.plugin_system:Skipping extension 'colcon_notification.desktop_notification.terminal_notifier': Not used on non-Darwin systems
[1.988s] INFO:colcon.colcon_core.plugin_system:Skipping extension 'colcon_notification.desktop_notification.win32': Not used on non-Windows systems
[1.988s] INFO:colcon.colcon_notification.desktop_notification:Sending desktop notification using 'notify2'
[1.999s] DEBUG:colcon.colcon_core.event_reactor:joined thread
[2.000s] INFO:colcon.colcon_core.shell:Creating prefix script '/home/fox/agv_simulation_ws/install/local_setup.ps1'
[2.018s] INFO:colcon.colcon_core.shell:Creating prefix util module '/home/fox/agv_simulation_ws/install/_local_setup_util_ps1.py'
[2.048s] INFO:colcon.colcon_core.shell:Creating prefix chain script '/home/fox/agv_simulation_ws/install/setup.ps1'
[2.050s] INFO:colcon.colcon_core.shell:Creating prefix script '/home/fox/agv_simulation_ws/install/local_setup.sh'
[2.051s] INFO:colcon.colcon_core.shell:Creating prefix util module '/home/fox/agv_simulation_ws/install/_local_setup_util_sh.py'
[2.051s] INFO:colcon.colcon_core.shell:Creating prefix chain script '/home/fox/agv_simulation_ws/install/setup.sh'
[2.093s] INFO:colcon.colcon_core.shell:Creating prefix script '/home/fox/agv_simulation_ws/install/local_setup.bash'
[2.122s] INFO:colcon.colcon_core.shell:Creating prefix chain script '/home/fox/agv_simulation_ws/install/setup.bash'
[2.125s] INFO:colcon.colcon_core.shell:Creating prefix script '/home/fox/agv_simulation_ws/install/local_setup.zsh'
[2.125s] INFO:colcon.colcon_core.shell:Creating prefix chain script '/home/fox/agv_simulation_ws/install/setup.zsh'
