[0.009s] Invoking command in '/home/fox/agv_simulation_ws/build/brinup_agv': AMENT_PREFIX_PATH=/home/fox/agv_simulation_ws/install/agv_description:${AMENT_PREFIX_PATH} CMAKE_PREFIX_PATH=/home/fox/agv_simulation_ws/install/agv_description:/home/fox/robo_simulation_ws/install/robo_bringup:/home/fox/robo_simulation_ws/install/robot_description:/home/fox/robo_simulation_ws/install/robo_description:/home/fox/catch_the_turtle_ws/install/turtle_catcher_bringup:/home/fox/catch_the_turtle_ws/install/custom_interface:/home/fox/catch_the_turtle_ws/install/catch_the_turtle_interface:/home/fox/ws/install/my_robot_interfaces:/home/fox/ws/install/my_custom_interfaces:/home/fox/ws/install/led_battery_interface:/home/fox/ws/install/demo_bringup:/home/fox/catch_the_turtle_ws/install/catch_the_turtle:/home/fox/ws/install/camera_vision:/opt/ros/humble /usr/bin/cmake /home/fox/agv_simulation_ws/src/brinup_agv -DAMENT_CMAKE_SYMLINK_INSTALL=1 -DCMAKE_INSTALL_PREFIX=/home/fox/agv_simulation_ws/install/brinup_agv
[0.063s] -- The C compiler identification is GNU 11.4.0
[0.116s] -- The CXX compiler identification is GNU 11.4.0
[0.123s] -- Detecting C compiler ABI info
[0.191s] -- Detecting C compiler ABI info - done
[0.197s] -- Check for working C compiler: /usr/bin/cc - skipped
[0.198s] -- Detecting C compile features
[0.198s] -- Detecting C compile features - done
[0.201s] -- Detecting CXX compiler ABI info
[0.279s] -- Detecting CXX compiler ABI info - done
[0.286s] -- Check for working CXX compiler: /usr/bin/c++ - skipped
[0.286s] -- Detecting CXX compile features
[0.287s] -- Detecting CXX compile features - done
[0.290s] -- Found ament_cmake: 1.3.8 (/opt/ros/humble/share/ament_cmake/cmake)
[0.442s] -- Found Python3: /usr/bin/python3 (found version "3.10.12") found components: Interpreter 
[0.504s] -- Override CMake install command with custom implementation using symlinks instead of copying resources
[0.602s] -- Configuring done
[0.604s] -- Generating done
[0.605s] -- Build files have been written to: /home/fox/agv_simulation_ws/build/brinup_agv
[0.609s] Invoked command in '/home/fox/agv_simulation_ws/build/brinup_agv' returned '0': AMENT_PREFIX_PATH=/home/fox/agv_simulation_ws/install/agv_description:${AMENT_PREFIX_PATH} CMAKE_PREFIX_PATH=/home/fox/agv_simulation_ws/install/agv_description:/home/fox/robo_simulation_ws/install/robo_bringup:/home/fox/robo_simulation_ws/install/robot_description:/home/fox/robo_simulation_ws/install/robo_description:/home/fox/catch_the_turtle_ws/install/turtle_catcher_bringup:/home/fox/catch_the_turtle_ws/install/custom_interface:/home/fox/catch_the_turtle_ws/install/catch_the_turtle_interface:/home/fox/ws/install/my_robot_interfaces:/home/fox/ws/install/my_custom_interfaces:/home/fox/ws/install/led_battery_interface:/home/fox/ws/install/demo_bringup:/home/fox/catch_the_turtle_ws/install/catch_the_turtle:/home/fox/ws/install/camera_vision:/opt/ros/humble /usr/bin/cmake /home/fox/agv_simulation_ws/src/brinup_agv -DAMENT_CMAKE_SYMLINK_INSTALL=1 -DCMAKE_INSTALL_PREFIX=/home/fox/agv_simulation_ws/install/brinup_agv
[0.611s] Invoking command in '/home/fox/agv_simulation_ws/build/brinup_agv': AMENT_PREFIX_PATH=/home/fox/agv_simulation_ws/install/agv_description:${AMENT_PREFIX_PATH} CMAKE_PREFIX_PATH=/home/fox/agv_simulation_ws/install/agv_description:/home/fox/robo_simulation_ws/install/robo_bringup:/home/fox/robo_simulation_ws/install/robot_description:/home/fox/robo_simulation_ws/install/robo_description:/home/fox/catch_the_turtle_ws/install/turtle_catcher_bringup:/home/fox/catch_the_turtle_ws/install/custom_interface:/home/fox/catch_the_turtle_ws/install/catch_the_turtle_interface:/home/fox/ws/install/my_robot_interfaces:/home/fox/ws/install/my_custom_interfaces:/home/fox/ws/install/led_battery_interface:/home/fox/ws/install/demo_bringup:/home/fox/catch_the_turtle_ws/install/catch_the_turtle:/home/fox/ws/install/camera_vision:/opt/ros/humble /usr/bin/cmake --build /home/fox/agv_simulation_ws/build/brinup_agv -- -j8 -l8
[0.651s] Invoked command in '/home/fox/agv_simulation_ws/build/brinup_agv' returned '0': AMENT_PREFIX_PATH=/home/fox/agv_simulation_ws/install/agv_description:${AMENT_PREFIX_PATH} CMAKE_PREFIX_PATH=/home/fox/agv_simulation_ws/install/agv_description:/home/fox/robo_simulation_ws/install/robo_bringup:/home/fox/robo_simulation_ws/install/robot_description:/home/fox/robo_simulation_ws/install/robo_description:/home/fox/catch_the_turtle_ws/install/turtle_catcher_bringup:/home/fox/catch_the_turtle_ws/install/custom_interface:/home/fox/catch_the_turtle_ws/install/catch_the_turtle_interface:/home/fox/ws/install/my_robot_interfaces:/home/fox/ws/install/my_custom_interfaces:/home/fox/ws/install/led_battery_interface:/home/fox/ws/install/demo_bringup:/home/fox/catch_the_turtle_ws/install/catch_the_turtle:/home/fox/ws/install/camera_vision:/opt/ros/humble /usr/bin/cmake --build /home/fox/agv_simulation_ws/build/brinup_agv -- -j8 -l8
[0.677s] Invoking command in '/home/fox/agv_simulation_ws/build/brinup_agv': AMENT_PREFIX_PATH=/home/fox/agv_simulation_ws/install/agv_description:${AMENT_PREFIX_PATH} CMAKE_PREFIX_PATH=/home/fox/agv_simulation_ws/install/agv_description:/home/fox/robo_simulation_ws/install/robo_bringup:/home/fox/robo_simulation_ws/install/robot_description:/home/fox/robo_simulation_ws/install/robo_description:/home/fox/catch_the_turtle_ws/install/turtle_catcher_bringup:/home/fox/catch_the_turtle_ws/install/custom_interface:/home/fox/catch_the_turtle_ws/install/catch_the_turtle_interface:/home/fox/ws/install/my_robot_interfaces:/home/fox/ws/install/my_custom_interfaces:/home/fox/ws/install/led_battery_interface:/home/fox/ws/install/demo_bringup:/home/fox/catch_the_turtle_ws/install/catch_the_turtle:/home/fox/ws/install/camera_vision:/opt/ros/humble /usr/bin/cmake --install /home/fox/agv_simulation_ws/build/brinup_agv
[0.685s] -- Install configuration: ""
[0.685s] -- Execute custom install script
[0.686s] -- Symlinking: /home/fox/agv_simulation_ws/install/brinup_agv/share/brinup_agv//launch/agv.launch.xml
[0.696s] -- Symlinking: /home/fox/agv_simulation_ws/install/brinup_agv/share/ament_index/resource_index/package_run_dependencies/brinup_agv
[0.706s] -- Symlinking: /home/fox/agv_simulation_ws/install/brinup_agv/share/ament_index/resource_index/parent_prefix_path/brinup_agv
[0.716s] -- Symlinking: /home/fox/agv_simulation_ws/install/brinup_agv/share/brinup_agv/environment/ament_prefix_path.sh
[0.725s] -- Symlinking: /home/fox/agv_simulation_ws/install/brinup_agv/share/brinup_agv/environment/ament_prefix_path.dsv
[0.735s] -- Symlinking: /home/fox/agv_simulation_ws/install/brinup_agv/share/brinup_agv/environment/path.sh
[0.744s] -- Symlinking: /home/fox/agv_simulation_ws/install/brinup_agv/share/brinup_agv/environment/path.dsv
[0.753s] -- Symlinking: /home/fox/agv_simulation_ws/install/brinup_agv/share/brinup_agv/local_setup.bash
[0.763s] -- Symlinking: /home/fox/agv_simulation_ws/install/brinup_agv/share/brinup_agv/local_setup.sh
[0.773s] -- Symlinking: /home/fox/agv_simulation_ws/install/brinup_agv/share/brinup_agv/local_setup.zsh
[0.782s] -- Symlinking: /home/fox/agv_simulation_ws/install/brinup_agv/share/brinup_agv/local_setup.dsv
[0.791s] -- Symlinking: /home/fox/agv_simulation_ws/install/brinup_agv/share/brinup_agv/package.dsv
[0.801s] -- Symlinking: /home/fox/agv_simulation_ws/install/brinup_agv/share/ament_index/resource_index/packages/brinup_agv
[0.812s] -- Symlinking: /home/fox/agv_simulation_ws/install/brinup_agv/share/brinup_agv/cmake/brinup_agvConfig.cmake
[0.821s] -- Symlinking: /home/fox/agv_simulation_ws/install/brinup_agv/share/brinup_agv/cmake/brinup_agvConfig-version.cmake
[0.831s] -- Symlinking: /home/fox/agv_simulation_ws/install/brinup_agv/share/brinup_agv/package.xml
[0.842s] Invoked command in '/home/fox/agv_simulation_ws/build/brinup_agv' returned '0': AMENT_PREFIX_PATH=/home/fox/agv_simulation_ws/install/agv_description:${AMENT_PREFIX_PATH} CMAKE_PREFIX_PATH=/home/fox/agv_simulation_ws/install/agv_description:/home/fox/robo_simulation_ws/install/robo_bringup:/home/fox/robo_simulation_ws/install/robot_description:/home/fox/robo_simulation_ws/install/robo_description:/home/fox/catch_the_turtle_ws/install/turtle_catcher_bringup:/home/fox/catch_the_turtle_ws/install/custom_interface:/home/fox/catch_the_turtle_ws/install/catch_the_turtle_interface:/home/fox/ws/install/my_robot_interfaces:/home/fox/ws/install/my_custom_interfaces:/home/fox/ws/install/led_battery_interface:/home/fox/ws/install/demo_bringup:/home/fox/catch_the_turtle_ws/install/catch_the_turtle:/home/fox/ws/install/camera_vision:/opt/ros/humble /usr/bin/cmake --install /home/fox/agv_simulation_ws/build/brinup_agv
