[0.019s] Invoking command in '/home/fox/agv_simulation_ws/build/agv_description': CMAKE_PREFIX_PATH=${CMAKE_PREFIX_PATH}:/home/fox/catch_the_turtle_ws/install/catch_the_turtle:/home/fox/ws/install/camera_vision:/opt/ros/humble /usr/bin/cmake /home/fox/agv_simulation_ws/src/agv_description -DAMENT_CMAKE_SYMLINK_INSTALL=1 -DCMAKE_INSTALL_PREFIX=/home/fox/agv_simulation_ws/install/agv_description
[0.877s] -- The C compiler identification is GNU 11.4.0
[1.361s] -- The CXX compiler identification is GNU 11.4.0
[1.546s] -- Detecting C compiler ABI info
[1.848s] -- Detecting C compiler ABI info - done
[1.855s] -- Check for working C compiler: /usr/bin/cc - skipped
[1.856s] -- Detecting C compile features
[1.901s] -- Detecting C compile features - done
[1.947s] -- Detecting CXX compiler ABI info
[2.125s] -- Detecting CXX compiler ABI info - done
[2.132s] -- Check for working CXX compiler: /usr/bin/c++ - skipped
[2.132s] -- Detecting CXX compile features
[2.133s] -- Detecting CXX compile features - done
[2.208s] -- Found ament_cmake: 1.3.8 (/opt/ros/humble/share/ament_cmake/cmake)
[2.512s] -- Found Python3: /usr/bin/python3 (found version "3.10.12") found components: Interpreter 
[2.669s] -- Override CMake install command with custom implementation using symlinks instead of copying resources
[2.986s] -- Configuring done
[2.988s] -- Generating done
[2.989s] -- Build files have been written to: /home/fox/agv_simulation_ws/build/agv_description
[2.993s] Invoked command in '/home/fox/agv_simulation_ws/build/agv_description' returned '0': CMAKE_PREFIX_PATH=${CMAKE_PREFIX_PATH}:/home/fox/catch_the_turtle_ws/install/catch_the_turtle:/home/fox/ws/install/camera_vision:/opt/ros/humble /usr/bin/cmake /home/fox/agv_simulation_ws/src/agv_description -DAMENT_CMAKE_SYMLINK_INSTALL=1 -DCMAKE_INSTALL_PREFIX=/home/fox/agv_simulation_ws/install/agv_description
[2.995s] Invoking command in '/home/fox/agv_simulation_ws/build/agv_description': CMAKE_PREFIX_PATH=${CMAKE_PREFIX_PATH}:/home/fox/catch_the_turtle_ws/install/catch_the_turtle:/home/fox/ws/install/camera_vision:/opt/ros/humble /usr/bin/cmake --build /home/fox/agv_simulation_ws/build/agv_description -- -j8 -l8
[3.036s] Invoked command in '/home/fox/agv_simulation_ws/build/agv_description' returned '0': CMAKE_PREFIX_PATH=${CMAKE_PREFIX_PATH}:/home/fox/catch_the_turtle_ws/install/catch_the_turtle:/home/fox/ws/install/camera_vision:/opt/ros/humble /usr/bin/cmake --build /home/fox/agv_simulation_ws/build/agv_description -- -j8 -l8
[3.073s] Invoking command in '/home/fox/agv_simulation_ws/build/agv_description': CMAKE_PREFIX_PATH=${CMAKE_PREFIX_PATH}:/home/fox/catch_the_turtle_ws/install/catch_the_turtle:/home/fox/ws/install/camera_vision:/opt/ros/humble /usr/bin/cmake --install /home/fox/agv_simulation_ws/build/agv_description
[3.081s] -- Install configuration: ""
[3.082s] -- Execute custom install script
[3.082s] -- Symlinking: /home/fox/agv_simulation_ws/install/agv_description/share/agv_description//launch/display.launch.xml
[3.092s] -- Symlinking: /home/fox/agv_simulation_ws/install/agv_description/share/agv_description//urdf/body.xacro
[3.101s] -- Symlinking: /home/fox/agv_simulation_ws/install/agv_description/share/agv_description//urdf/camera.xacro
[3.110s] -- Symlinking: /home/fox/agv_simulation_ws/install/agv_description/share/agv_description//urdf/gazebo.xacro
[3.121s] -- Symlinking: /home/fox/agv_simulation_ws/install/agv_description/share/agv_description//urdf/main.xacro
[3.130s] -- Symlinking: /home/fox/agv_simulation_ws/install/agv_description/share/agv_description//urdf/properties.xacro
[3.140s] -- Symlinking: /home/fox/agv_simulation_ws/install/agv_description/share/ament_index/resource_index/package_run_dependencies/agv_description
[3.150s] -- Symlinking: /home/fox/agv_simulation_ws/install/agv_description/share/ament_index/resource_index/parent_prefix_path/agv_description
[3.160s] -- Symlinking: /home/fox/agv_simulation_ws/install/agv_description/share/agv_description/environment/ament_prefix_path.sh
[3.169s] -- Symlinking: /home/fox/agv_simulation_ws/install/agv_description/share/agv_description/environment/ament_prefix_path.dsv
[3.179s] -- Symlinking: /home/fox/agv_simulation_ws/install/agv_description/share/agv_description/environment/path.sh
[3.190s] -- Symlinking: /home/fox/agv_simulation_ws/install/agv_description/share/agv_description/environment/path.dsv
[3.200s] -- Symlinking: /home/fox/agv_simulation_ws/install/agv_description/share/agv_description/local_setup.bash
[3.209s] -- Symlinking: /home/fox/agv_simulation_ws/install/agv_description/share/agv_description/local_setup.sh
[3.219s] -- Symlinking: /home/fox/agv_simulation_ws/install/agv_description/share/agv_description/local_setup.zsh
[3.229s] -- Symlinking: /home/fox/agv_simulation_ws/install/agv_description/share/agv_description/local_setup.dsv
[3.239s] -- Symlinking: /home/fox/agv_simulation_ws/install/agv_description/share/agv_description/package.dsv
[3.248s] -- Symlinking: /home/fox/agv_simulation_ws/install/agv_description/share/ament_index/resource_index/packages/agv_description
[3.259s] -- Symlinking: /home/fox/agv_simulation_ws/install/agv_description/share/agv_description/cmake/agv_descriptionConfig.cmake
[3.269s] -- Symlinking: /home/fox/agv_simulation_ws/install/agv_description/share/agv_description/cmake/agv_descriptionConfig-version.cmake
[3.279s] -- Symlinking: /home/fox/agv_simulation_ws/install/agv_description/share/agv_description/package.xml
[3.291s] Invoked command in '/home/fox/agv_simulation_ws/build/agv_description' returned '0': CMAKE_PREFIX_PATH=${CMAKE_PREFIX_PATH}:/home/fox/catch_the_turtle_ws/install/catch_the_turtle:/home/fox/ws/install/camera_vision:/opt/ros/humble /usr/bin/cmake --install /home/fox/agv_simulation_ws/build/agv_description
