[0.011s] Invoking command in '/home/fox/agv_simulation_ws/build/agv_description': CMAKE_PREFIX_PATH=${CMAKE_PREFIX_PATH}:/home/fox/catch_the_turtle_ws/install/catch_the_turtle:/home/fox/ws/install/camera_vision:/opt/ros/humble /usr/bin/cmake /home/fox/agv_simulation_ws/src/agv_description -DAMENT_CMAKE_SYMLINK_INSTALL=1 -DCMAKE_INSTALL_PREFIX=/home/fox/agv_simulation_ws/install/agv_description
[0.025s] -- Found ament_cmake: 1.3.8 (/opt/ros/humble/share/ament_cmake/cmake)
[0.142s] -- Override CMake install command with custom implementation using symlinks instead of copying resources
[0.214s] -- Configuring done
[0.216s] -- Generating done
[0.217s] -- Build files have been written to: /home/fox/agv_simulation_ws/build/agv_description
[0.220s] Invoked command in '/home/fox/agv_simulation_ws/build/agv_description' returned '0': CMAKE_PREFIX_PATH=${CMAKE_PREFIX_PATH}:/home/fox/catch_the_turtle_ws/install/catch_the_turtle:/home/fox/ws/install/camera_vision:/opt/ros/humble /usr/bin/cmake /home/fox/agv_simulation_ws/src/agv_description -DAMENT_CMAKE_SYMLINK_INSTALL=1 -DCMAKE_INSTALL_PREFIX=/home/fox/agv_simulation_ws/install/agv_description
[0.222s] Invoking command in '/home/fox/agv_simulation_ws/build/agv_description': CMAKE_PREFIX_PATH=${CMAKE_PREFIX_PATH}:/home/fox/catch_the_turtle_ws/install/catch_the_turtle:/home/fox/ws/install/camera_vision:/opt/ros/humble /usr/bin/cmake --build /home/fox/agv_simulation_ws/build/agv_description -- -j8 -l8
[0.264s] Invoked command in '/home/fox/agv_simulation_ws/build/agv_description' returned '0': CMAKE_PREFIX_PATH=${CMAKE_PREFIX_PATH}:/home/fox/catch_the_turtle_ws/install/catch_the_turtle:/home/fox/ws/install/camera_vision:/opt/ros/humble /usr/bin/cmake --build /home/fox/agv_simulation_ws/build/agv_description -- -j8 -l8
[0.301s] Invoking command in '/home/fox/agv_simulation_ws/build/agv_description': CMAKE_PREFIX_PATH=${CMAKE_PREFIX_PATH}:/home/fox/catch_the_turtle_ws/install/catch_the_turtle:/home/fox/ws/install/camera_vision:/opt/ros/humble /usr/bin/cmake --install /home/fox/agv_simulation_ws/build/agv_description
[0.310s] -- Install configuration: ""
[0.311s] -- Execute custom install script
[0.311s] -- Up-to-date symlink: /home/fox/agv_simulation_ws/install/agv_description/share/agv_description//launch/display.launch.xml
[0.311s] -- Up-to-date symlink: /home/fox/agv_simulation_ws/install/agv_description/share/agv_description//urdf/body.xacro
[0.312s] -- Up-to-date symlink: /home/fox/agv_simulation_ws/install/agv_description/share/agv_description//urdf/camera.xacro
[0.312s] -- Up-to-date symlink: /home/fox/agv_simulation_ws/install/agv_description/share/agv_description//urdf/gazebo.xacro
[0.312s] -- Up-to-date symlink: /home/fox/agv_simulation_ws/install/agv_description/share/agv_description//urdf/main.xacro
[0.312s] -- Up-to-date symlink: /home/fox/agv_simulation_ws/install/agv_description/share/agv_description//urdf/properties.xacro
[0.312s] -- Up-to-date symlink: /home/fox/agv_simulation_ws/install/agv_description/share/ament_index/resource_index/package_run_dependencies/agv_description
[0.312s] -- Up-to-date symlink: /home/fox/agv_simulation_ws/install/agv_description/share/ament_index/resource_index/parent_prefix_path/agv_description
[0.312s] -- Up-to-date symlink: /home/fox/agv_simulation_ws/install/agv_description/share/agv_description/environment/ament_prefix_path.sh
[0.312s] -- Up-to-date symlink: /home/fox/agv_simulation_ws/install/agv_description/share/agv_description/environment/ament_prefix_path.dsv
[0.313s] -- Up-to-date symlink: /home/fox/agv_simulation_ws/install/agv_description/share/agv_description/environment/path.sh
[0.313s] -- Up-to-date symlink: /home/fox/agv_simulation_ws/install/agv_description/share/agv_description/environment/path.dsv
[0.313s] -- Up-to-date symlink: /home/fox/agv_simulation_ws/install/agv_description/share/agv_description/local_setup.bash
[0.313s] -- Up-to-date symlink: /home/fox/agv_simulation_ws/install/agv_description/share/agv_description/local_setup.sh
[0.313s] -- Up-to-date symlink: /home/fox/agv_simulation_ws/install/agv_description/share/agv_description/local_setup.zsh
[0.313s] -- Up-to-date symlink: /home/fox/agv_simulation_ws/install/agv_description/share/agv_description/local_setup.dsv
[0.313s] -- Symlinking: /home/fox/agv_simulation_ws/install/agv_description/share/agv_description/package.dsv
[0.326s] -- Up-to-date symlink: /home/fox/agv_simulation_ws/install/agv_description/share/ament_index/resource_index/packages/agv_description
[0.326s] -- Up-to-date symlink: /home/fox/agv_simulation_ws/install/agv_description/share/agv_description/cmake/agv_descriptionConfig.cmake
[0.326s] -- Up-to-date symlink: /home/fox/agv_simulation_ws/install/agv_description/share/agv_description/cmake/agv_descriptionConfig-version.cmake
[0.327s] -- Up-to-date symlink: /home/fox/agv_simulation_ws/install/agv_description/share/agv_description/package.xml
[0.329s] Invoked command in '/home/fox/agv_simulation_ws/build/agv_description' returned '0': CMAKE_PREFIX_PATH=${CMAKE_PREFIX_PATH}:/home/fox/catch_the_turtle_ws/install/catch_the_turtle:/home/fox/ws/install/camera_vision:/opt/ros/humble /usr/bin/cmake --install /home/fox/agv_simulation_ws/build/agv_description
